<?xml version="1.0" encoding="UTF-8"?>
<coverage generated="1577976090997" clover="3.2.0">
  <project timestamp="1577976090997" name="All files">
    <metrics statements="36" coveredstatements="33" conditionals="6" coveredconditionals="5" methods="12" coveredmethods="11" elements="54" coveredelements="49" complexity="0" loc="36" ncloc="36" packages="1" files="2" classes="2"/>
    <file name="TodoContainer.tsx" path="/Users/javeda/Documents/GitHub/Todo-list-App/src/TodoContainer/TodoContainer.tsx">
      <metrics statements="27" coveredstatements="27" conditionals="4" coveredconditionals="4" methods="9" coveredmethods="9"/>
      <line num="11" count="7" type="stmt"/>
      <line num="12" count="7" type="stmt"/>
      <line num="17" count="7" type="stmt"/>
      <line num="19" count="7" type="stmt"/>
      <line num="21" count="7" type="stmt"/>
      <line num="24" count="7" type="stmt"/>
      <line num="25" count="3" type="stmt"/>
      <line num="28" count="3" type="stmt"/>
      <line num="29" count="5" type="cond" truecount="2" falsecount="0"/>
      <line num="30" count="4" type="stmt"/>
      <line num="34" count="3" type="stmt"/>
      <line num="37" count="7" type="stmt"/>
      <line num="38" count="2" type="stmt"/>
      <line num="41" count="2" type="stmt"/>
      <line num="42" count="2" type="stmt"/>
      <line num="44" count="2" type="stmt"/>
      <line num="47" count="7" type="stmt"/>
      <line num="49" count="1" type="stmt"/>
      <line num="50" count="1" type="stmt"/>
      <line num="52" count="1" type="stmt"/>
      <line num="55" count="7" type="stmt"/>
      <line num="57" count="21" type="stmt"/>
      <line num="59" count="21" type="stmt"/>
      <line num="60" count="19" type="cond" truecount="2" falsecount="0"/>
      <line num="61" count="14" type="stmt"/>
      <line num="65" count="21" type="stmt"/>
      <line num="69" count="20" type="stmt"/>
    </file>
    <file name="TodoForm.tsx" path="/Users/javeda/Documents/GitHub/Todo-list-App/src/TodoContainer/TodoForm.tsx">
      <metrics statements="9" coveredstatements="6" conditionals="2" coveredconditionals="1" methods="3" coveredmethods="2"/>
      <line num="4" count="3" type="stmt"/>
      <line num="5" count="22" type="stmt"/>
      <line num="7" count="22" type="stmt"/>
      <line num="8" count="1" type="stmt"/>
      <line num="10" count="1" type="cond" truecount="1" falsecount="1"/>
      <line num="12" count="0" type="stmt"/>
      <line num="13" count="0" type="stmt"/>
      <line num="16" count="22" type="stmt"/>
      <line num="24" count="0" type="stmt"/>
    </file>
  </project>
</coverage>
