{"/Users/javeda/Documents/GitHub/Todo-list-App/src/TodoContainer/TodoContainer.tsx": {"path":"/Users/javeda/Documents/GitHub/Todo-list-App/src/TodoContainer/TodoContainer.tsx","statementMap":{"0":{"start":{"line":11,"column":8},"end":{"line":11,"column":21}},"1":{"start":{"line":12,"column":8},"end":{"line":14,"column":9}},"2":{"start":{"line":17,"column":25},"end":{"line":19,"column":5}},"3":{"start":{"line":18,"column":8},"end":{"line":18,"column":74}},"4":{"start":{"line":21,"column":14},"end":{"line":26,"column":5}},"5":{"start":{"line":23,"column":32},"end":{"line":23,"column":83}},"6":{"start":{"line":25,"column":8},"end":{"line":25,"column":42}},"7":{"start":{"line":28,"column":27},"end":{"line":39,"column":5}},"8":{"start":{"line":29,"column":38},"end":{"line":29,"column":59}},"9":{"start":{"line":32,"column":8},"end":{"line":36,"column":10}},"10":{"start":{"line":33,"column":12},"end":{"line":35,"column":13}},"11":{"start":{"line":34,"column":16},"end":{"line":34,"column":59}},"12":{"start":{"line":38,"column":8},"end":{"line":38,"column":42}},"13":{"start":{"line":41,"column":23},"end":{"line":49,"column":5}},"14":{"start":{"line":42,"column":38},"end":{"line":42,"column":59}},"15":{"start":{"line":45,"column":8},"end":{"line":45,"column":67}},"16":{"start":{"line":46,"column":8},"end":{"line":46,"column":43}},"17":{"start":{"line":48,"column":8},"end":{"line":48,"column":35}},"18":{"start":{"line":51,"column":17},"end":{"line":57,"column":5}},"19":{"start":{"line":53,"column":38},"end":{"line":53,"column":59}},"20":{"start":{"line":54,"column":8},"end":{"line":54,"column":34}},"21":{"start":{"line":56,"column":8},"end":{"line":56,"column":43}},"22":{"start":{"line":59,"column":16},"end":{"line":70,"column":5}},"23":{"start":{"line":61,"column":20},"end":{"line":61,"column":21}},"24":{"start":{"line":63,"column":8},"end":{"line":67,"column":10}},"25":{"start":{"line":64,"column":12},"end":{"line":66,"column":13}},"26":{"start":{"line":65,"column":16},"end":{"line":65,"column":26}},"27":{"start":{"line":69,"column":8},"end":{"line":69,"column":21}},"28":{"start":{"line":73,"column":8},"end":{"line":83,"column":9}}},"fnMap":{"0":{"name":"(anonymous_0)","decl":{"start":{"line":10,"column":4},"end":{"line":10,"column":5}},"loc":{"start":{"line":10,"column":28},"end":{"line":15,"column":5}},"line":10},"1":{"name":"(anonymous_1)","decl":{"start":{"line":17,"column":25},"end":{"line":17,"column":26}},"loc":{"start":{"line":17,"column":31},"end":{"line":19,"column":5}},"line":17},"2":{"name":"(anonymous_2)","decl":{"start":{"line":21,"column":14},"end":{"line":21,"column":15}},"loc":{"start":{"line":21,"column":32},"end":{"line":26,"column":5}},"line":21},"3":{"name":"(anonymous_3)","decl":{"start":{"line":28,"column":27},"end":{"line":28,"column":28}},"loc":{"start":{"line":28,"column":33},"end":{"line":39,"column":5}},"line":28},"4":{"name":"(anonymous_4)","decl":{"start":{"line":32,"column":25},"end":{"line":32,"column":26}},"loc":{"start":{"line":32,"column":61},"end":{"line":36,"column":9}},"line":32},"5":{"name":"(anonymous_5)","decl":{"start":{"line":41,"column":23},"end":{"line":41,"column":24}},"loc":{"start":{"line":41,"column":42},"end":{"line":49,"column":5}},"line":41},"6":{"name":"(anonymous_6)","decl":{"start":{"line":51,"column":17},"end":{"line":51,"column":18}},"loc":{"start":{"line":51,"column":33},"end":{"line":57,"column":5}},"line":51},"7":{"name":"(anonymous_7)","decl":{"start":{"line":59,"column":16},"end":{"line":59,"column":17}},"loc":{"start":{"line":59,"column":22},"end":{"line":70,"column":5}},"line":59},"8":{"name":"(anonymous_8)","decl":{"start":{"line":63,"column":33},"end":{"line":63,"column":34}},"loc":{"start":{"line":63,"column":54},"end":{"line":67,"column":9}},"line":63},"9":{"name":"(anonymous_9)","decl":{"start":{"line":72,"column":4},"end":{"line":72,"column":5}},"loc":{"start":{"line":72,"column":13},"end":{"line":84,"column":5}},"line":72}},"branchMap":{"0":{"loc":{"start":{"line":13,"column":19},"end":{"line":13,"column":79}},"type":"binary-expr","locations":[{"start":{"line":13,"column":19},"end":{"line":13,"column":73}},{"start":{"line":13,"column":77},"end":{"line":13,"column":79}}],"line":13},"1":{"loc":{"start":{"line":33,"column":12},"end":{"line":35,"column":13}},"type":"if","locations":[{"start":{"line":33,"column":12},"end":{"line":35,"column":13}},{"start":{"line":33,"column":12},"end":{"line":35,"column":13}}],"line":33},"2":{"loc":{"start":{"line":64,"column":12},"end":{"line":66,"column":13}},"type":"if","locations":[{"start":{"line":64,"column":12},"end":{"line":66,"column":13}},{"start":{"line":64,"column":12},"end":{"line":66,"column":13}}],"line":64}},"s":{"0":7,"1":7,"2":7,"3":13,"4":7,"5":7,"6":7,"7":7,"8":3,"9":3,"10":10,"11":7,"12":3,"13":7,"14":2,"15":2,"16":2,"17":2,"18":7,"19":1,"20":1,"21":1,"22":7,"23":21,"24":21,"25":65,"26":42,"27":21,"28":20},"f":{"0":7,"1":13,"2":7,"3":3,"4":10,"5":2,"6":1,"7":21,"8":65,"9":20},"b":{"0":[7,3],"1":[7,3],"2":[42,23]},"_coverageSchema":"43e27e138ebf9cfc5966b082cf9a028302ed4184","hash":"a6b328b77993e0e62343c3b14a4f7bbbaa59fe3e"}
,"/Users/javeda/Documents/GitHub/Todo-list-App/src/TodoContainer/TodoForm.tsx": {"path":"/Users/javeda/Documents/GitHub/Todo-list-App/src/TodoContainer/TodoForm.tsx","statementMap":{"0":{"start":{"line":4,"column":42},"end":{"line":30,"column":3}},"1":{"start":{"line":5,"column":30},"end":{"line":5,"column":50}},"2":{"start":{"line":7,"column":25},"end":{"line":14,"column":5}},"3":{"start":{"line":8,"column":6},"end":{"line":8,"column":25}},"4":{"start":{"line":10,"column":6},"end":{"line":10,"column":25}},"5":{"start":{"line":10,"column":18},"end":{"line":10,"column":25}},"6":{"start":{"line":12,"column":6},"end":{"line":12,"column":21}},"7":{"start":{"line":13,"column":6},"end":{"line":13,"column":18}},"8":{"start":{"line":16,"column":4},"end":{"line":29,"column":6}},"9":{"start":{"line":24,"column":25},"end":{"line":24,"column":49}}},"fnMap":{"0":{"name":"(anonymous_0)","decl":{"start":{"line":4,"column":42},"end":{"line":4,"column":43}},"loc":{"start":{"line":4,"column":59},"end":{"line":30,"column":3}},"line":4},"1":{"name":"(anonymous_1)","decl":{"start":{"line":7,"column":25},"end":{"line":7,"column":26}},"loc":{"start":{"line":7,"column":66},"end":{"line":14,"column":5}},"line":7},"2":{"name":"(anonymous_2)","decl":{"start":{"line":24,"column":20},"end":{"line":24,"column":21}},"loc":{"start":{"line":24,"column":25},"end":{"line":24,"column":49}},"line":24}},"branchMap":{"0":{"loc":{"start":{"line":10,"column":6},"end":{"line":10,"column":25}},"type":"if","locations":[{"start":{"line":10,"column":6},"end":{"line":10,"column":25}},{"start":{"line":10,"column":6},"end":{"line":10,"column":25}}],"line":10}},"s":{"0":3,"1":22,"2":22,"3":1,"4":1,"5":1,"6":0,"7":0,"8":22,"9":0},"f":{"0":22,"1":1,"2":0},"b":{"0":[1,0]},"_coverageSchema":"43e27e138ebf9cfc5966b082cf9a028302ed4184","hash":"7f3d5bf309ae61461f943ce0b793dc2ee555cf3d"}
}
