{"/Users/javeda/Documents/GitHub/Todo-list-App/src/TodoContainer/TodoContainer.tsx": {"path":"/Users/javeda/Documents/GitHub/Todo-list-App/src/TodoContainer/TodoContainer.tsx","statementMap":{"0":{"start":{"line":11,"column":8},"end":{"line":11,"column":21}},"1":{"start":{"line":12,"column":8},"end":{"line":14,"column":9}},"2":{"start":{"line":17,"column":14},"end":{"line":22,"column":5}},"3":{"start":{"line":19,"column":32},"end":{"line":19,"column":83}},"4":{"start":{"line":21,"column":8},"end":{"line":21,"column":42}},"5":{"start":{"line":24,"column":27},"end":{"line":35,"column":5}},"6":{"start":{"line":25,"column":38},"end":{"line":25,"column":59}},"7":{"start":{"line":28,"column":8},"end":{"line":32,"column":10}},"8":{"start":{"line":29,"column":12},"end":{"line":31,"column":13}},"9":{"start":{"line":30,"column":16},"end":{"line":30,"column":59}},"10":{"start":{"line":34,"column":8},"end":{"line":34,"column":42}},"11":{"start":{"line":37,"column":23},"end":{"line":45,"column":5}},"12":{"start":{"line":38,"column":38},"end":{"line":38,"column":59}},"13":{"start":{"line":41,"column":8},"end":{"line":41,"column":67}},"14":{"start":{"line":42,"column":8},"end":{"line":42,"column":43}},"15":{"start":{"line":44,"column":8},"end":{"line":44,"column":35}},"16":{"start":{"line":47,"column":17},"end":{"line":53,"column":5}},"17":{"start":{"line":49,"column":38},"end":{"line":49,"column":59}},"18":{"start":{"line":50,"column":8},"end":{"line":50,"column":34}},"19":{"start":{"line":52,"column":8},"end":{"line":52,"column":43}},"20":{"start":{"line":55,"column":16},"end":{"line":66,"column":5}},"21":{"start":{"line":57,"column":20},"end":{"line":57,"column":21}},"22":{"start":{"line":59,"column":8},"end":{"line":63,"column":10}},"23":{"start":{"line":60,"column":12},"end":{"line":62,"column":13}},"24":{"start":{"line":61,"column":16},"end":{"line":61,"column":26}},"25":{"start":{"line":65,"column":8},"end":{"line":65,"column":21}},"26":{"start":{"line":69,"column":8},"end":{"line":79,"column":9}}},"fnMap":{"0":{"name":"(anonymous_0)","decl":{"start":{"line":10,"column":4},"end":{"line":10,"column":5}},"loc":{"start":{"line":10,"column":28},"end":{"line":15,"column":5}},"line":10},"1":{"name":"(anonymous_1)","decl":{"start":{"line":17,"column":14},"end":{"line":17,"column":15}},"loc":{"start":{"line":17,"column":32},"end":{"line":22,"column":5}},"line":17},"2":{"name":"(anonymous_2)","decl":{"start":{"line":24,"column":27},"end":{"line":24,"column":28}},"loc":{"start":{"line":24,"column":33},"end":{"line":35,"column":5}},"line":24},"3":{"name":"(anonymous_3)","decl":{"start":{"line":28,"column":25},"end":{"line":28,"column":26}},"loc":{"start":{"line":28,"column":61},"end":{"line":32,"column":9}},"line":28},"4":{"name":"(anonymous_4)","decl":{"start":{"line":37,"column":23},"end":{"line":37,"column":24}},"loc":{"start":{"line":37,"column":42},"end":{"line":45,"column":5}},"line":37},"5":{"name":"(anonymous_5)","decl":{"start":{"line":47,"column":17},"end":{"line":47,"column":18}},"loc":{"start":{"line":47,"column":33},"end":{"line":53,"column":5}},"line":47},"6":{"name":"(anonymous_6)","decl":{"start":{"line":55,"column":16},"end":{"line":55,"column":17}},"loc":{"start":{"line":55,"column":22},"end":{"line":66,"column":5}},"line":55},"7":{"name":"(anonymous_7)","decl":{"start":{"line":59,"column":33},"end":{"line":59,"column":34}},"loc":{"start":{"line":59,"column":54},"end":{"line":63,"column":9}},"line":59},"8":{"name":"(anonymous_8)","decl":{"start":{"line":68,"column":4},"end":{"line":68,"column":5}},"loc":{"start":{"line":68,"column":13},"end":{"line":80,"column":5}},"line":68}},"branchMap":{"0":{"loc":{"start":{"line":29,"column":12},"end":{"line":31,"column":13}},"type":"if","locations":[{"start":{"line":29,"column":12},"end":{"line":31,"column":13}},{"start":{"line":29,"column":12},"end":{"line":31,"column":13}}],"line":29},"1":{"loc":{"start":{"line":60,"column":12},"end":{"line":62,"column":13}},"type":"if","locations":[{"start":{"line":60,"column":12},"end":{"line":62,"column":13}},{"start":{"line":60,"column":12},"end":{"line":62,"column":13}}],"line":60}},"s":{"0":7,"1":7,"2":7,"3":7,"4":7,"5":7,"6":3,"7":3,"8":5,"9":4,"10":3,"11":7,"12":2,"13":2,"14":2,"15":2,"16":7,"17":1,"18":1,"19":1,"20":7,"21":21,"22":21,"23":19,"24":14,"25":21,"26":20},"f":{"0":7,"1":7,"2":3,"3":5,"4":2,"5":1,"6":21,"7":19,"8":20},"b":{"0":[4,1],"1":[14,5]},"_coverageSchema":"43e27e138ebf9cfc5966b082cf9a028302ed4184","hash":"0cc7089bf0aaa994b81ae24a42abfbe472f56b60"}
,"/Users/javeda/Documents/GitHub/Todo-list-App/src/TodoContainer/TodoForm.tsx": {"path":"/Users/javeda/Documents/GitHub/Todo-list-App/src/TodoContainer/TodoForm.tsx","statementMap":{"0":{"start":{"line":4,"column":42},"end":{"line":30,"column":3}},"1":{"start":{"line":5,"column":30},"end":{"line":5,"column":50}},"2":{"start":{"line":7,"column":25},"end":{"line":14,"column":5}},"3":{"start":{"line":8,"column":6},"end":{"line":8,"column":25}},"4":{"start":{"line":10,"column":6},"end":{"line":10,"column":25}},"5":{"start":{"line":10,"column":18},"end":{"line":10,"column":25}},"6":{"start":{"line":12,"column":6},"end":{"line":12,"column":21}},"7":{"start":{"line":13,"column":6},"end":{"line":13,"column":18}},"8":{"start":{"line":16,"column":4},"end":{"line":29,"column":6}},"9":{"start":{"line":24,"column":25},"end":{"line":24,"column":49}}},"fnMap":{"0":{"name":"(anonymous_0)","decl":{"start":{"line":4,"column":42},"end":{"line":4,"column":43}},"loc":{"start":{"line":4,"column":59},"end":{"line":30,"column":3}},"line":4},"1":{"name":"(anonymous_1)","decl":{"start":{"line":7,"column":25},"end":{"line":7,"column":26}},"loc":{"start":{"line":7,"column":66},"end":{"line":14,"column":5}},"line":7},"2":{"name":"(anonymous_2)","decl":{"start":{"line":24,"column":20},"end":{"line":24,"column":21}},"loc":{"start":{"line":24,"column":25},"end":{"line":24,"column":49}},"line":24}},"branchMap":{"0":{"loc":{"start":{"line":10,"column":6},"end":{"line":10,"column":25}},"type":"if","locations":[{"start":{"line":10,"column":6},"end":{"line":10,"column":25}},{"start":{"line":10,"column":6},"end":{"line":10,"column":25}}],"line":10}},"s":{"0":3,"1":22,"2":22,"3":1,"4":1,"5":1,"6":0,"7":0,"8":22,"9":0},"f":{"0":22,"1":1,"2":0},"b":{"0":[1,0]},"_coverageSchema":"43e27e138ebf9cfc5966b082cf9a028302ed4184","hash":"7f3d5bf309ae61461f943ce0b793dc2ee555cf3d"}
}
