TN:
SF:/Users/javeda/Documents/GitHub/Todo-list-App/src/TodoContainer/TodoContainer.tsx
FN:10,(anonymous_0)
FN:17,(anonymous_1)
FN:24,(anonymous_2)
FN:28,(anonymous_3)
FN:37,(anonymous_4)
FN:47,(anonymous_5)
FN:55,(anonymous_6)
FN:59,(anonymous_7)
FN:68,(anonymous_8)
FNF:9
FNH:9
FNDA:7,(anonymous_0)
FNDA:7,(anonymous_1)
FNDA:3,(anonymous_2)
FNDA:5,(anonymous_3)
FNDA:2,(anonymous_4)
FNDA:1,(anonymous_5)
FNDA:21,(anonymous_6)
FNDA:19,(anonymous_7)
FNDA:20,(anonymous_8)
DA:11,7
DA:12,7
DA:17,7
DA:19,7
DA:21,7
DA:24,7
DA:25,3
DA:28,3
DA:29,5
DA:30,4
DA:34,3
DA:37,7
DA:38,2
DA:41,2
DA:42,2
DA:44,2
DA:47,7
DA:49,1
DA:50,1
DA:52,1
DA:55,7
DA:57,21
DA:59,21
DA:60,19
DA:61,14
DA:65,21
DA:69,20
LF:27
LH:27
BRDA:29,0,0,4
BRDA:29,0,1,1
BRDA:60,1,0,14
BRDA:60,1,1,5
BRF:4
BRH:4
end_of_record
TN:
SF:/Users/javeda/Documents/GitHub/Todo-list-App/src/TodoContainer/TodoForm.tsx
FN:4,(anonymous_0)
FN:7,(anonymous_1)
FN:24,(anonymous_2)
FNF:3
FNH:2
FNDA:22,(anonymous_0)
FNDA:1,(anonymous_1)
FNDA:0,(anonymous_2)
DA:4,3
DA:5,22
DA:7,22
DA:8,1
DA:10,1
DA:12,0
DA:13,0
DA:16,22
DA:24,0
LF:9
LH:6
BRDA:10,0,0,1
BRDA:10,0,1,0
BRF:2
BRH:1
end_of_record
