TN:
SF:/Users/javeda/Documents/GitHub/Todo-list-App/src/TodoContainer/TodoContainer.tsx
FN:10,(anonymous_0)
FN:17,(anonymous_1)
FN:21,(anonymous_2)
FN:28,(anonymous_3)
FN:32,(anonymous_4)
FN:41,(anonymous_5)
FN:51,(anonymous_6)
FN:59,(anonymous_7)
FN:63,(anonymous_8)
FN:72,(anonymous_9)
FNF:10
FNH:10
FNDA:7,(anonymous_0)
FNDA:13,(anonymous_1)
FNDA:7,(anonymous_2)
FNDA:3,(anonymous_3)
FNDA:10,(anonymous_4)
FNDA:2,(anonymous_5)
FNDA:1,(anonymous_6)
FNDA:21,(anonymous_7)
FNDA:65,(anonymous_8)
FNDA:20,(anonymous_9)
DA:11,7
DA:12,7
DA:17,7
DA:18,13
DA:21,7
DA:23,7
DA:25,7
DA:28,7
DA:29,3
DA:32,3
DA:33,10
DA:34,7
DA:38,3
DA:41,7
DA:42,2
DA:45,2
DA:46,2
DA:48,2
DA:51,7
DA:53,1
DA:54,1
DA:56,1
DA:59,7
DA:61,21
DA:63,21
DA:64,65
DA:65,42
DA:69,21
DA:73,20
LF:29
LH:29
BRDA:13,0,0,7
BRDA:13,0,1,3
BRDA:33,1,0,7
BRDA:33,1,1,3
BRDA:64,2,0,42
BRDA:64,2,1,23
BRF:6
BRH:6
end_of_record
TN:
SF:/Users/javeda/Documents/GitHub/Todo-list-App/src/TodoContainer/TodoForm.tsx
FN:4,(anonymous_0)
FN:7,(anonymous_1)
FN:24,(anonymous_2)
FNF:3
FNH:2
FNDA:22,(anonymous_0)
FNDA:1,(anonymous_1)
FNDA:0,(anonymous_2)
DA:4,3
DA:5,22
DA:7,22
DA:8,1
DA:10,1
DA:12,0
DA:13,0
DA:16,22
DA:24,0
LF:9
LH:6
BRDA:10,0,0,1
BRDA:10,0,1,0
BRF:2
BRH:1
end_of_record
